<?xml version="1.0" encoding="UTF-8"?>
<testsuite xmlns:xsi="http://www.w3.org/2001/XMLSchema-instance" xsi:noNamespaceSchemaLocation="https://maven.apache.org/surefire/maven-surefire-plugin/xsd/surefire-test-report.xsd" name="org.sleeve.AppTest" time="0.031" tests="1" errors="0" skipped="0" failures="0">
  <properties>
    <property name="java.specification.version" value="14"/>
    <property name="sun.cpu.isalist" value="amd64"/>
    <property name="sun.jnu.encoding" value="GBK"/>
    <property name="java.class.path" value="C:\Users\Sleeve\Documents\My_github\Sample_Tomcat\Tomcat\ch02-SimpleServlet\target\test-classes;C:\Users\Sleeve\Documents\My_github\Sample_Tomcat\Tomcat\ch02-SimpleServlet\target\classes;C:\Users\Sleeve\.m2\repository\junit\junit\4.11\junit-4.11.jar;C:\Users\Sleeve\.m2\repository\org\hamcrest\hamcrest-core\1.3\hamcrest-core-1.3.jar;C:\Users\Sleeve\.m2\repository\org\apache\tomcat\tomcat-api\7.0.47\tomcat-api-7.0.47.jar;C:\Users\Sleeve\.m2\repository\org\apache\tomcat\tomcat-servlet-api\7.0.47\tomcat-servlet-api-7.0.47.jar;"/>
    <property name="java.vm.vendor" value="Oracle Corporation"/>
    <property name="sun.arch.data.model" value="64"/>
    <property name="user.variant" value=""/>
    <property name="java.vendor.url" value="https://java.oracle.com/"/>
    <property name="user.timezone" value="Asia/Shanghai"/>
    <property name="os.name" value="Windows 10"/>
    <property name="java.vm.specification.version" value="14"/>
    <property name="sun.java.launcher" value="SUN_STANDARD"/>
    <property name="user.country" value="CN"/>
    <property name="sun.boot.library.path" value="C:\Users\Sleeve\.jdks\openjdk-14.0.1\bin"/>
    <property name="sun.java.command" value="C:\Users\Sleeve\AppData\Local\Temp\surefire17643278827690865607\surefirebooter5815857827755495361.jar C:\Users\Sleeve\AppData\Local\Temp\surefire17643278827690865607 2020-06-13T17-12-31_797-jvmRun1 surefire16062284733726602865tmp surefire_17536146429493469416tmp"/>
    <property name="jdk.debug" value="release"/>
    <property name="surefire.test.class.path" value="C:\Users\Sleeve\Documents\My_github\Sample_Tomcat\Tomcat\ch02-SimpleServlet\target\test-classes;C:\Users\Sleeve\Documents\My_github\Sample_Tomcat\Tomcat\ch02-SimpleServlet\target\classes;C:\Users\Sleeve\.m2\repository\junit\junit\4.11\junit-4.11.jar;C:\Users\Sleeve\.m2\repository\org\hamcrest\hamcrest-core\1.3\hamcrest-core-1.3.jar;C:\Users\Sleeve\.m2\repository\org\apache\tomcat\tomcat-api\7.0.47\tomcat-api-7.0.47.jar;C:\Users\Sleeve\.m2\repository\org\apache\tomcat\tomcat-servlet-api\7.0.47\tomcat-servlet-api-7.0.47.jar;"/>
    <property name="sun.cpu.endian" value="little"/>
    <property name="user.home" value="C:\Users\Sleeve"/>
    <property name="user.language" value="zh"/>
    <property name="java.specification.vendor" value="Oracle Corporation"/>
    <property name="java.version.date" value="2020-04-14"/>
    <property name="java.home" value="C:\Users\Sleeve\.jdks\openjdk-14.0.1"/>
    <property name="file.separator" value="\"/>
    <property name="basedir" value="C:\Users\Sleeve\Documents\My_github\Sample_Tomcat\Tomcat\ch02-SimpleServlet"/>
    <property name="java.vm.compressedOopsMode" value="Zero based"/>
    <property name="line.separator" value="&#10;"/>
    <property name="java.vm.specification.vendor" value="Oracle Corporation"/>
    <property name="java.specification.name" value="Java Platform API Specification"/>
    <property name="idea.version2020.1.2" value="true"/>
    <property name="surefire.real.class.path" value="C:\Users\Sleeve\AppData\Local\Temp\surefire17643278827690865607\surefirebooter5815857827755495361.jar"/>
    <property name="user.script" value=""/>
    <property name="sun.management.compiler" value="HotSpot 64-Bit Tiered Compilers"/>
    <property name="java.runtime.version" value="14.0.1+7"/>
    <property name="user.name" value="Sleeve"/>
    <property name="path.separator" value=";"/>
    <property name="os.version" value="10.0"/>
    <property name="java.runtime.name" value="OpenJDK Runtime Environment"/>
    <property name="file.encoding" value="GBK"/>
    <property name="java.vm.name" value="OpenJDK 64-Bit Server VM"/>
    <property name="localRepository" value="C:\Users\Sleeve\.m2\repository"/>
    <property name="java.vendor.url.bug" value="https://bugreport.java.com/bugreport/"/>
    <property name="java.io.tmpdir" value="C:\Users\Sleeve\AppData\Local\Temp\"/>
    <property name="java.version" value="14.0.1"/>
    <property name="user.dir" value="C:\Users\Sleeve\Documents\My_github\Sample_Tomcat\Tomcat\ch02-SimpleServlet"/>
    <property name="os.arch" value="amd64"/>
    <property name="java.vm.specification.name" value="Java Virtual Machine Specification"/>
    <property name="sun.os.patch.level" value=""/>
    <property name="java.library.path" value="C:\Users\Sleeve\.jdks\openjdk-14.0.1\bin;C:\WINDOWS\Sun\Java\bin;C:\WINDOWS\system32;C:\WINDOWS;D:\software\;C:\Users\Sleeve\AppData\Local\atom\bin;C:\Windows\system32;C:\Windows;C:\Windows\System32\Wbem;C:\Windows\System32\WindowsPowerShell\v1.0\;C:\Windows\System32\OpenSSH\;C:\Program Files\NVIDIA Corporation\NVIDIA NvDLISR;C:\Program Files (x86)\NVIDIA Corporation\PhysX\Common;C:\Program Files\Java\jdk-12\bin;C:\Program Files\Git\cmd;C:\Users\Sleeve\Desktop\123\platform-tools_r28.0.2-windows\platform-tools;C:\WINDOWS\system32;C:\WINDOWS;C:\WINDOWS\System32\Wbem;C:\WINDOWS\System32\WindowsPowerShell\v1.0\;C:\WINDOWS\System32\OpenSSH\;C:\Program Files\MySQL\MySQL Server 8.0\bin;C:\Program Files\PowerShell\7-preview\preview;C:\Users\Sleeve\Documents\train_Java\tomcat-9\bin;C:\Users\Sleeve\Documents\train_Java\tomcat-9\lib;C:\Users\Sleeve\Anaconda3;C:\Users\Sleeve\Anaconda3\Library\mingw-w64\bin;C:\Users\Sleeve\Anaconda3\Library\usr\bin;C:\Users\Sleeve\Anaconda3\Library\bin;C:\Users\Sleeve\Anaconda3\Scripts;C:\Users\Sleeve\AppData\Local\Microsoft\WindowsApps;C:\Program Files\JetBrains\PyCharm 2019.1\bin;C:\Program Files\JetBrains\IntelliJ IDEA 2019.1\bin;C:\Users\Sleeve\AppData\Local\Programs\Microsoft VS Code\bin;C:\Users\Sleeve\AppData\Local\GitHubDesktop\bin;C:\Users\Sleeve\AppData\Local\Microsoft\WindowsApps;;C:\Program Files\JetBrains\IntelliJ IDEA 2020.1.1\bin;;C:\Program Files\JetBrains\PyCharm 2019.3.1\bin;;."/>
    <property name="java.vm.info" value="mixed mode, sharing"/>
    <property name="java.vendor" value="Oracle Corporation"/>
    <property name="java.vm.version" value="14.0.1+7"/>
    <property name="sun.io.unicode.encoding" value="UnicodeLittle"/>
    <property name="java.class.version" value="58.0"/>
  </properties>
  <testcase name="shouldAnswerWithTrue" classname="org.sleeve.AppTest" time="0.001"/>
</testsuite>